[17Feb.2024 18:08:30.168] [Datafixer Bootstrap/INFO] [com.mojang.datafixers.DataFixerBuilder/]: 188 Datafixer optimizations took 138 milliseconds
[17Feb.2024 18:08:31.647] [Render thread/INFO] [com.mojang.authlib.yggdrasil.YggdrasilAuthenticationService/]: Environment: authHost='https://authserver.mojang.com', accountsHost='https://api.mojang.com', sessionHost='https://sessionserver.mojang.com', servicesHost='https://api.minecraftservices.com', name='PROD'
[17Feb.2024 18:08:32.112] [Render thread/ERROR] [net.minecraft.client.Minecraft/]: Failed to verify authentication
com.mojang.authlib.exceptions.InvalidCredentialsException: Status: 401
	at com.mojang.authlib.exceptions.MinecraftClientHttpException.toAuthenticationException(MinecraftClientHttpException.java:56) ~[authlib-4.0.43.jar:?]
	at com.mojang.authlib.yggdrasil.YggdrasilUserApiService.fetchProperties(YggdrasilUserApiService.java:156) ~[authlib-4.0.43.jar:?]
	at com.mojang.authlib.yggdrasil.YggdrasilUserApiService.<init>(YggdrasilUserApiService.java:55) ~[authlib-4.0.43.jar:?]
	at com.mojang.authlib.yggdrasil.YggdrasilAuthenticationService.createUserApiService(YggdrasilAuthenticationService.java:124) ~[authlib-4.0.43.jar:?]
	at net.minecraft.client.Minecraft.createUserApiService(Minecraft.java:643) ~[main/:?]
	at net.minecraft.client.Minecraft.<init>(Minecraft.java:418) ~[main/:?]
	at net.minecraft.client.main.Main.main(Main.java:182) ~[main/:?]
Caused by: com.mojang.authlib.exceptions.MinecraftClientHttpException: Status: 401
	at com.mojang.authlib.minecraft.client.MinecraftClient.readInputStream(MinecraftClient.java:85) ~[authlib-4.0.43.jar:?]
	at com.mojang.authlib.minecraft.client.MinecraftClient.get(MinecraftClient.java:48) ~[authlib-4.0.43.jar:?]
	at com.mojang.authlib.yggdrasil.YggdrasilUserApiService.fetchProperties(YggdrasilUserApiService.java:129) ~[authlib-4.0.43.jar:?]
	... 5 more
[17Feb.2024 18:08:32.118] [Render thread/INFO] [net.minecraft.client.Minecraft/]: Setting user: Player671
[17Feb.2024 18:08:32.196] [Render thread/INFO] [net.minecraft.client.Minecraft/]: Backend library: LWJGL version 3.3.1 build 7
[17Feb.2024 18:08:32.942] [Render thread/WARN] [net.minecraft.client.renderer.texture.TextureManager/]: Failed to load texture: minecraft:textures/gui/title/mojang.png
java.io.FileNotFoundException: minecraft:textures/gui/title/mojang.png
	at net.minecraft.client.gui.screens.LoadingOverlay$LogoTexture.getTextureImage(LoadingOverlay.java:159) ~[main/:?]
	at net.minecraft.client.renderer.texture.SimpleTexture.load(SimpleTexture.java:29) ~[main/:?]
	at net.minecraft.client.renderer.texture.TextureManager.loadTexture(TextureManager.java:96) ~[main/:?]
	at net.minecraft.client.renderer.texture.TextureManager.register(TextureManager.java:66) ~[main/:?]
	at net.minecraft.client.gui.screens.LoadingOverlay.registerTextures(LoadingOverlay.java:57) ~[main/:?]
	at net.minecraft.client.Minecraft.<init>(Minecraft.java:557) ~[main/:?]
	at net.minecraft.client.main.Main.main(Main.java:182) ~[main/:?]
[17Feb.2024 18:08:32.945] [Render thread/INFO] [net.minecraft.server.packs.resources.ReloadableResourceManager/]: Reloading ResourceManager: vanilla, file/Plastic Texture Pack
[17Feb.2024 18:08:33.130] [Worker-Main-1/INFO] [net.minecraft.client.gui.font.providers.UnihexProvider/]: Found unifont_all_no_pua-15.0.06.hex, loading
[17Feb.2024 18:08:33.716] [Realms Notification Availability checker #1/INFO] [com.mojang.realmsclient.client.RealmsClient/]: Could not authorize you against Realms server: Invalid session id
[17Feb.2024 18:08:33.945] [Worker-Main-3/WARN] [net.minecraft.client.renderer.texture.SpriteContents/]: Unused frames in sprite minecraft:block/lava_still: [20, 21, 22, 23, 24, 25, 26, 27, 28, 29, 30, 31]
[17Feb.2024 18:08:34.946] [Render thread/WARN] [net.minecraft.client.sounds.SoundEngine/]: Missing sound for event: minecraft:item.goat_horn.play
[17Feb.2024 18:08:34.947] [Render thread/WARN] [net.minecraft.client.sounds.SoundEngine/]: Missing sound for event: minecraft:entity.goat.screaming.horn_break
[17Feb.2024 18:08:34.976] [Render thread/INFO] [com.mojang.blaze3d.audio.Library/]: OpenAL initialized on device OpenAL Soft on Lautsprecher (High Definition Audio Device)
[17Feb.2024 18:08:34.977] [Render thread/INFO] [net.minecraft.client.sounds.SoundEngine/SOUNDS]: Sound engine started
[17Feb.2024 18:08:35.076] [Render thread/INFO] [net.minecraft.client.renderer.texture.TextureAtlas/]: Created: 1024x512x4 minecraft:textures/atlas/blocks.png-atlas
[17Feb.2024 18:08:35.085] [Render thread/INFO] [net.minecraft.client.renderer.texture.TextureAtlas/]: Created: 256x256x4 minecraft:textures/atlas/signs.png-atlas
[17Feb.2024 18:08:35.085] [Render thread/INFO] [net.minecraft.client.renderer.texture.TextureAtlas/]: Created: 512x512x4 minecraft:textures/atlas/shield_patterns.png-atlas
[17Feb.2024 18:08:35.086] [Render thread/INFO] [net.minecraft.client.renderer.texture.TextureAtlas/]: Created: 512x512x4 minecraft:textures/atlas/banner_patterns.png-atlas
[17Feb.2024 18:08:35.087] [Render thread/INFO] [net.minecraft.client.renderer.texture.TextureAtlas/]: Created: 1024x1024x4 minecraft:textures/atlas/armor_trims.png-atlas
[17Feb.2024 18:08:35.099] [Render thread/INFO] [net.minecraft.client.renderer.texture.TextureAtlas/]: Created: 128x64x4 minecraft:textures/atlas/decorated_pot.png-atlas
[17Feb.2024 18:08:35.099] [Render thread/INFO] [net.minecraft.client.renderer.texture.TextureAtlas/]: Created: 256x256x4 minecraft:textures/atlas/chest.png-atlas
[17Feb.2024 18:08:35.100] [Render thread/INFO] [net.minecraft.client.renderer.texture.TextureAtlas/]: Created: 512x256x4 minecraft:textures/atlas/beds.png-atlas
[17Feb.2024 18:08:35.100] [Render thread/INFO] [net.minecraft.client.renderer.texture.TextureAtlas/]: Created: 512x256x4 minecraft:textures/atlas/shulker_boxes.png-atlas
[17Feb.2024 18:08:35.403] [Render thread/WARN] [net.minecraft.client.renderer.ShaderInstance/]: Shader rendertype_entity_translucent_emissive could not find sampler named Sampler2 in the specified shader program.
[17Feb.2024 18:08:35.527] [Render thread/INFO] [net.minecraft.client.renderer.texture.TextureAtlas/]: Created: 256x256x0 minecraft:textures/atlas/particles.png-atlas
[17Feb.2024 18:08:35.529] [Render thread/INFO] [net.minecraft.client.renderer.texture.TextureAtlas/]: Created: 256x256x0 minecraft:textures/atlas/paintings.png-atlas
[17Feb.2024 18:08:35.529] [Render thread/INFO] [net.minecraft.client.renderer.texture.TextureAtlas/]: Created: 128x128x0 minecraft:textures/atlas/mob_effects.png-atlas
[17Feb.2024 18:08:35.535] [Render thread/WARN] [net.minecraft.client.renderer.texture.TextureManager/]: Failed to load texture: minecraft:textures/gui/title/mojang.png
java.io.FileNotFoundException: minecraft:textures/gui/title/mojang.png
	at net.minecraft.server.packs.resources.ResourceProvider.lambda$getResourceOrThrow$0(ResourceProvider.java:17) ~[main/:?]
	at java.util.Optional.orElseThrow(Optional.java:403) ~[?:?]
	at net.minecraft.server.packs.resources.ResourceProvider.getResourceOrThrow(ResourceProvider.java:16) ~[main/:?]
	at net.minecraft.client.renderer.texture.SimpleTexture$TextureImage.load(SimpleTexture.java:85) ~[main/:?]
	at net.minecraft.client.renderer.texture.SimpleTexture.getTextureImage(SimpleTexture.java:59) ~[main/:?]
	at net.minecraft.client.renderer.texture.SimpleTexture.load(SimpleTexture.java:29) ~[main/:?]
	at net.minecraft.client.renderer.texture.TextureManager.loadTexture(TextureManager.java:96) ~[main/:?]
	at net.minecraft.client.renderer.texture.TextureManager.register(TextureManager.java:66) ~[main/:?]
	at net.minecraft.client.renderer.texture.TextureManager.getTexture(TextureManager.java:119) ~[main/:?]
	at com.mojang.blaze3d.systems.RenderSystem._setShaderTexture(RenderSystem.java:822) ~[main/:?]
	at com.mojang.blaze3d.systems.RenderSystem.setShaderTexture(RenderSystem.java:814) ~[main/:?]
	at net.minecraft.client.gui.GuiGraphics.innerBlit(GuiGraphics.java:344) ~[main/:?]
	at net.minecraft.client.gui.GuiGraphics.blit(GuiGraphics.java:340) ~[main/:?]
	at net.minecraft.client.gui.GuiGraphics.blit(GuiGraphics.java:332) ~[main/:?]
	at net.minecraft.client.gui.GuiGraphics.blit(GuiGraphics.java:336) ~[main/:?]
	at net.minecraft.client.gui.screens.LoadingOverlay.render(LoadingOverlay.java:132) ~[main/:?]
	at net.minecraft.client.renderer.GameRenderer.render(GameRenderer.java:944) ~[main/:?]
	at net.minecraft.client.Minecraft.runTick(Minecraft.java:1122) ~[main/:?]
	at net.minecraft.client.Minecraft.run(Minecraft.java:712) ~[main/:?]
	at net.minecraft.client.main.Main.main(Main.java:218) ~[main/:?]
[17Feb.2024 18:08:35.575] [Render thread/WARN] [net.minecraft.client.renderer.texture.TextureManager/]: Failed to load texture: minecraft:textures/gui/buttons.png
java.io.FileNotFoundException: minecraft:textures/gui/buttons.png
	at net.minecraft.server.packs.resources.ResourceProvider.lambda$getResourceOrThrow$0(ResourceProvider.java:17) ~[main/:?]
	at java.util.Optional.orElseThrow(Optional.java:403) ~[?:?]
	at net.minecraft.server.packs.resources.ResourceProvider.getResourceOrThrow(ResourceProvider.java:16) ~[main/:?]
	at net.minecraft.client.renderer.texture.SimpleTexture$TextureImage.load(SimpleTexture.java:85) ~[main/:?]
	at net.minecraft.client.renderer.texture.SimpleTexture.getTextureImage(SimpleTexture.java:59) ~[main/:?]
	at net.minecraft.client.renderer.texture.SimpleTexture.load(SimpleTexture.java:29) ~[main/:?]
	at net.minecraft.client.renderer.texture.TextureManager.loadTexture(TextureManager.java:96) ~[main/:?]
	at net.minecraft.client.renderer.texture.TextureManager.register(TextureManager.java:66) ~[main/:?]
	at net.minecraft.client.renderer.texture.TextureManager.getTexture(TextureManager.java:119) ~[main/:?]
	at com.mojang.blaze3d.systems.RenderSystem._setShaderTexture(RenderSystem.java:822) ~[main/:?]
	at com.mojang.blaze3d.systems.RenderSystem.setShaderTexture(RenderSystem.java:814) ~[main/:?]
	at net.minecraft.client.gui.GuiGraphics.innerBlit(GuiGraphics.java:344) ~[main/:?]
	at net.minecraft.client.gui.GuiGraphics.blit(GuiGraphics.java:340) ~[main/:?]
	at net.minecraft.client.gui.GuiGraphics.blit(GuiGraphics.java:332) ~[main/:?]
	at net.minecraft.client.gui.GuiGraphics.blit(GuiGraphics.java:336) ~[main/:?]
	at net.minecraft.client.gui.components.ControllerHintOverlay.drawTip(ControllerHintOverlay.java:47) ~[main/:?]
	at net.minecraft.client.gui.components.ControllerHintOverlay.render(ControllerHintOverlay.java:42) ~[main/:?]
	at net.minecraft.client.renderer.GameRenderer.render(GameRenderer.java:986) ~[main/:?]
	at net.minecraft.client.Minecraft.runTick(Minecraft.java:1122) ~[main/:?]
	at net.minecraft.client.Minecraft.run(Minecraft.java:712) ~[main/:?]
	at net.minecraft.client.main.Main.main(Main.java:218) ~[main/:?]
[17Feb.2024 18:08:39.922] [Render thread/INFO] [net.minecraft.world.item.crafting.RecipeManager/]: Loaded 7 recipes
[17Feb.2024 18:08:40.028] [Render thread/INFO] [net.minecraft.advancements.AdvancementList/]: Loaded 1271 advancements
[17Feb.2024 18:08:40.478] [Server thread/INFO] [net.minecraft.client.server.IntegratedServer/]: Starting integrated minecraft server version 1.20.1
[17Feb.2024 18:08:40.478] [Server thread/INFO] [net.minecraft.server.MinecraftServer/]: Generating keypair
[17Feb.2024 18:08:40.778] [Server thread/INFO] [net.minecraft.server.MinecraftServer/]: Preparing start region for dimension minecraft:overworld
[17Feb.2024 18:08:42.710] [Render thread/INFO] [net.minecraft.server.level.progress.LoggerChunkProgressListener/]: Preparing spawn area: 0%
[17Feb.2024 18:08:42.710] [Render thread/INFO] [net.minecraft.server.level.progress.LoggerChunkProgressListener/]: Preparing spawn area: 0%
[17Feb.2024 18:08:42.710] [Render thread/INFO] [net.minecraft.server.level.progress.LoggerChunkProgressListener/]: Preparing spawn area: 0%
[17Feb.2024 18:08:42.710] [Render thread/INFO] [net.minecraft.server.level.progress.LoggerChunkProgressListener/]: Preparing spawn area: 0%
[17Feb.2024 18:08:42.804] [Render thread/INFO] [net.minecraft.server.level.progress.LoggerChunkProgressListener/]: Preparing spawn area: 0%
[17Feb.2024 18:08:43.303] [Render thread/INFO] [net.minecraft.server.level.progress.LoggerChunkProgressListener/]: Preparing spawn area: 68%
[17Feb.2024 18:08:43.449] [Render thread/INFO] [net.minecraft.server.level.progress.LoggerChunkProgressListener/]: Time elapsed: 2660 ms
[17Feb.2024 18:08:43.485] [Server thread/INFO] [net.minecraft.client.server.IntegratedServer/]: Changing view distance to 12, from 10
[17Feb.2024 18:08:43.487] [Server thread/INFO] [net.minecraft.client.server.IntegratedServer/]: Changing simulation distance to 12, from 0
[17Feb.2024 18:08:43.946] [Server thread/INFO] [net.minecraft.server.players.PlayerList/]: Player671[local:E:bccead95] logged in with entity id 15 at (-807.9081376841254, -53.58247557046916, -168.69663640298802)
[17Feb.2024 18:08:44.022] [Server thread/INFO] [net.minecraft.server.MinecraftServer/]: Player671 joined the game
[17Feb.2024 18:08:44.416] [Render thread/INFO] [net.minecraft.advancements.AdvancementList/]: Loaded 5 advancements
[17Feb.2024 18:08:46.497] [Server thread/INFO] [net.minecraft.client.server.IntegratedServer/]: Saving and pausing game...
[17Feb.2024 18:08:46.512] [Server thread/INFO] [net.minecraft.server.MinecraftServer/]: Saving chunks for level 'ServerLevel[USE THIS AS TEST WORLD]'/minecraft:overworld
[17Feb.2024 18:08:46.596] [Server thread/INFO] [net.minecraft.server.MinecraftServer/]: Saving chunks for level 'ServerLevel[USE THIS AS TEST WORLD]'/minecraft:the_end
[17Feb.2024 18:08:46.596] [Server thread/INFO] [net.minecraft.server.MinecraftServer/]: Saving chunks for level 'ServerLevel[USE THIS AS TEST WORLD]'/minecraft:the_nether
[17Feb.2024 18:08:47.503] [Server thread/INFO] [net.minecraft.server.network.ServerGamePacketListenerImpl/]: Player671 lost connection: Disconnected
[17Feb.2024 18:08:47.503] [Server thread/INFO] [net.minecraft.server.MinecraftServer/]: Player671 left the game
[17Feb.2024 18:08:47.512] [Server thread/INFO] [net.minecraft.server.network.ServerGamePacketListenerImpl/]: Stopping singleplayer server as player logged out
[17Feb.2024 18:08:47.557] [Server thread/INFO] [net.minecraft.server.MinecraftServer/]: Stopping server
[17Feb.2024 18:08:47.557] [Server thread/INFO] [net.minecraft.server.MinecraftServer/]: Saving players
[17Feb.2024 18:08:47.557] [Server thread/INFO] [net.minecraft.server.MinecraftServer/]: Saving worlds
[17Feb.2024 18:08:48.565] [Server thread/INFO] [net.minecraft.server.MinecraftServer/]: Saving chunks for level 'ServerLevel[USE THIS AS TEST WORLD]'/minecraft:overworld
[17Feb.2024 18:08:48.626] [Server thread/INFO] [net.minecraft.server.MinecraftServer/]: Saving chunks for level 'ServerLevel[USE THIS AS TEST WORLD]'/minecraft:the_end
[17Feb.2024 18:08:48.626] [Server thread/INFO] [net.minecraft.server.MinecraftServer/]: Saving chunks for level 'ServerLevel[USE THIS AS TEST WORLD]'/minecraft:the_nether
[17Feb.2024 18:08:48.631] [Server thread/INFO] [net.minecraft.server.MinecraftServer/]: ThreadedAnvilChunkStorage (USE THIS AS TEST WORLD): All chunks are saved
[17Feb.2024 18:08:48.632] [Server thread/INFO] [net.minecraft.server.MinecraftServer/]: ThreadedAnvilChunkStorage (DIM1): All chunks are saved
[17Feb.2024 18:08:48.632] [Server thread/INFO] [net.minecraft.server.MinecraftServer/]: ThreadedAnvilChunkStorage (DIM-1): All chunks are saved
[17Feb.2024 18:08:48.632] [Server thread/INFO] [net.minecraft.server.MinecraftServer/]: ThreadedAnvilChunkStorage: All dimensions are saved
[17Feb.2024 18:08:49.764] [Render thread/INFO] [net.minecraft.client.Minecraft/]: Stopping!
